<?xml version="1.0" encoding="UTF-8"?>
<testsuite xmlns:xsi="http://www.w3.org/2001/XMLSchema-instance" xsi:noNamespaceSchemaLocation="https://maven.apache.org/surefire/maven-surefire-plugin/xsd/surefire-test-report.xsd" name="edu.eci.cvds.tdd.aerodescuentos.TarifasTest" time="0.179" tests="8" errors="0" skipped="0" failures="0">
  <properties>
[...]
</properties>
  <testcase name="diasAntelacionInvalidos" classname="edu.eci.cvds.tdd.aerodescuentos.TarifasTest" time="0.007"/>
  <testcase name="diasMayorVeinteEdadMayorSesentayCinco" classname="edu.eci.cvds.tdd.aerodescuentos.TarifasTest" time="0"/>
  <testcase name="edadInvalida" classname="edu.eci.cvds.tdd.aerodescuentos.TarifasTest" time="0"/>
  <testcase name="diasMenorVeinteEdadMenorDieciocho" classname="edu.eci.cvds.tdd.aerodescuentos.TarifasTest" time="0.001"/>
  <testcase name="diasMenorVeinteEdadMayorSesentayCinco" classname="edu.eci.cvds.tdd.aerodescuentos.TarifasTest" time="0"/>
  <testcase name="diasMayorVeinteEdadEntreDieciochoySesentayCinco" classname="edu.eci.cvds.tdd.aerodescuentos.TarifasTest" time="0.001"/>
  <testcase name="diasMayorVeinteEdadMenordieciocho" classname="edu.eci.cvds.tdd.aerodescuentos.TarifasTest" time="0.001"/>
  <testcase name="diasMenorVeinteEdadEntreDieciochoySesentayCinco" classname="edu.eci.cvds.tdd.aerodescuentos.TarifasTest" time="0"/>
</testsuite>